<?xml version="1.0" encoding="UTF-8"?>
<testsuite xmlns:xsi="http://www.w3.org/2001/XMLSchema-instance" xsi:noNamespaceSchemaLocation="https://maven.apache.org/surefire/maven-surefire-plugin/xsd/surefire-test-report.xsd" name="com.example.quiz.AppTest" time="0.045" tests="1" errors="0" skipped="0" failures="0">
  <properties>
    <property name="java.specification.version" value="21"/>
    <property name="sun.cpu.isalist" value="amd64"/>
    <property name="sun.jnu.encoding" value="Cp1252"/>
    <property name="java.class.path" value="C:\Users\Acma\Desktop\QuizMaker\QuizMaker\app-quiz\target\test-classes;C:\Users\Acma\Desktop\QuizMaker\QuizMaker\app-quiz\target\classes;C:\Users\Acma\.m2\repository\junit\junit\4.11\junit-4.11.jar;C:\Users\Acma\.m2\repository\org\hamcrest\hamcrest-core\1.3\hamcrest-core-1.3.jar;C:\Users\Acma\.m2\repository\org\apache\logging\log4j\log4j-api\2.14.1\log4j-api-2.14.1.jar;C:\Users\Acma\.m2\repository\org\apache\logging\log4j\log4j-core\2.14.1\log4j-core-2.14.1.jar;C:\Users\Acma\.m2\repository\org\apache\poi\poi-ooxml\5.2.3\poi-ooxml-5.2.3.jar;C:\Users\Acma\.m2\repository\org\apache\poi\poi\5.2.3\poi-5.2.3.jar;C:\Users\Acma\.m2\repository\commons-codec\commons-codec\1.15\commons-codec-1.15.jar;C:\Users\Acma\.m2\repository\org\apache\commons\commons-math3\3.6.1\commons-math3-3.6.1.jar;C:\Users\Acma\.m2\repository\com\zaxxer\SparseBitSet\1.2\SparseBitSet-1.2.jar;C:\Users\Acma\.m2\repository\org\apache\poi\poi-ooxml-lite\5.2.3\poi-ooxml-lite-5.2.3.jar;C:\Users\Acma\.m2\repository\org\apache\commons\commons-compress\1.21\commons-compress-1.21.jar;C:\Users\Acma\.m2\repository\commons-io\commons-io\2.11.0\commons-io-2.11.0.jar;C:\Users\Acma\.m2\repository\com\github\virtuald\curvesapi\1.07\curvesapi-1.07.jar;C:\Users\Acma\.m2\repository\org\apache\commons\commons-collections4\4.4\commons-collections4-4.4.jar;C:\Users\Acma\.m2\repository\org\apache\xmlbeans\xmlbeans\5.1.1\xmlbeans-5.1.1.jar;C:\Users\Acma\.m2\repository\com\google\api-client\google-api-client\1.32.1\google-api-client-1.32.1.jar;C:\Users\Acma\.m2\repository\com\google\oauth-client\google-oauth-client\1.31.5\google-oauth-client-1.31.5.jar;C:\Users\Acma\.m2\repository\com\google\http-client\google-http-client-gson\1.39.2\google-http-client-gson-1.39.2.jar;C:\Users\Acma\.m2\repository\com\google\code\gson\gson\2.8.6\gson-2.8.6.jar;C:\Users\Acma\.m2\repository\com\google\guava\guava\30.1.1-android\guava-30.1.1-android.jar;C:\Users\Acma\.m2\repository\com\google\guava\failureaccess\1.0.1\failureaccess-1.0.1.jar;C:\Users\Acma\.m2\repository\com\google\guava\listenablefuture\9999.0-empty-to-avoid-conflict-with-guava\listenablefuture-9999.0-empty-to-avoid-conflict-with-guava.jar;C:\Users\Acma\.m2\repository\org\checkerframework\checker-compat-qual\2.5.5\checker-compat-qual-2.5.5.jar;C:\Users\Acma\.m2\repository\com\google\errorprone\error_prone_annotations\2.5.1\error_prone_annotations-2.5.1.jar;C:\Users\Acma\.m2\repository\com\google\j2objc\j2objc-annotations\1.3\j2objc-annotations-1.3.jar;C:\Users\Acma\.m2\repository\com\google\http-client\google-http-client-apache-v2\1.39.2\google-http-client-apache-v2-1.39.2.jar;C:\Users\Acma\.m2\repository\org\apache\httpcomponents\httpcore\4.4.14\httpcore-4.4.14.jar;C:\Users\Acma\.m2\repository\org\apache\httpcomponents\httpclient\4.5.13\httpclient-4.5.13.jar;C:\Users\Acma\.m2\repository\commons-logging\commons-logging\1.2\commons-logging-1.2.jar;C:\Users\Acma\.m2\repository\com\google\http-client\google-http-client\1.39.2\google-http-client-1.39.2.jar;C:\Users\Acma\.m2\repository\io\opencensus\opencensus-api\0.28.0\opencensus-api-0.28.0.jar;C:\Users\Acma\.m2\repository\io\grpc\grpc-context\1.27.2\grpc-context-1.27.2.jar;C:\Users\Acma\.m2\repository\io\opencensus\opencensus-contrib-http-util\0.28.0\opencensus-contrib-http-util-0.28.0.jar;C:\Users\Acma\.m2\repository\com\google\auth\google-auth-library-oauth2-http\1.1.0\google-auth-library-oauth2-http-1.1.0.jar;C:\Users\Acma\.m2\repository\com\google\auto\value\auto-value-annotations\1.8.2\auto-value-annotations-1.8.2.jar;C:\Users\Acma\.m2\repository\com\google\code\findbugs\jsr305\3.0.2\jsr305-3.0.2.jar;C:\Users\Acma\.m2\repository\com\google\auth\google-auth-library-credentials\1.1.0\google-auth-library-credentials-1.1.0.jar;C:\Users\Acma\.m2\repository\com\google\apis\google-api-services-forms\v1-rev20250218-2.0.0\google-api-services-forms-v1-rev20250218-2.0.0.jar;"/>
    <property name="java.vm.vendor" value="Oracle Corporation"/>
    <property name="sun.arch.data.model" value="64"/>
    <property name="user.variant" value=""/>
    <property name="java.vendor.url" value="https://java.oracle.com/"/>
    <property name="user.timezone" value="Europe/Madrid"/>
    <property name="os.name" value="Windows 10"/>
    <property name="java.vm.specification.version" value="21"/>
    <property name="sun.java.launcher" value="SUN_STANDARD"/>
    <property name="user.country" value="ES"/>
    <property name="sun.boot.library.path" value="C:\Program Files\Java\jdk-21\bin"/>
    <property name="sun.java.command" value="C:\Users\Acma\AppData\Local\Temp\surefire315587970577063313\surefirebooter363408291617087567.jar C:\Users\Acma\AppData\Local\Temp\surefire315587970577063313 2025-04-03T11-03-58_236-jvmRun1 surefire9791393993362988539tmp surefire_09218730813962386396tmp"/>
    <property name="jdk.debug" value="release"/>
    <property name="surefire.test.class.path" value="C:\Users\Acma\Desktop\QuizMaker\QuizMaker\app-quiz\target\test-classes;C:\Users\Acma\Desktop\QuizMaker\QuizMaker\app-quiz\target\classes;C:\Users\Acma\.m2\repository\junit\junit\4.11\junit-4.11.jar;C:\Users\Acma\.m2\repository\org\hamcrest\hamcrest-core\1.3\hamcrest-core-1.3.jar;C:\Users\Acma\.m2\repository\org\apache\logging\log4j\log4j-api\2.14.1\log4j-api-2.14.1.jar;C:\Users\Acma\.m2\repository\org\apache\logging\log4j\log4j-core\2.14.1\log4j-core-2.14.1.jar;C:\Users\Acma\.m2\repository\org\apache\poi\poi-ooxml\5.2.3\poi-ooxml-5.2.3.jar;C:\Users\Acma\.m2\repository\org\apache\poi\poi\5.2.3\poi-5.2.3.jar;C:\Users\Acma\.m2\repository\commons-codec\commons-codec\1.15\commons-codec-1.15.jar;C:\Users\Acma\.m2\repository\org\apache\commons\commons-math3\3.6.1\commons-math3-3.6.1.jar;C:\Users\Acma\.m2\repository\com\zaxxer\SparseBitSet\1.2\SparseBitSet-1.2.jar;C:\Users\Acma\.m2\repository\org\apache\poi\poi-ooxml-lite\5.2.3\poi-ooxml-lite-5.2.3.jar;C:\Users\Acma\.m2\repository\org\apache\commons\commons-compress\1.21\commons-compress-1.21.jar;C:\Users\Acma\.m2\repository\commons-io\commons-io\2.11.0\commons-io-2.11.0.jar;C:\Users\Acma\.m2\repository\com\github\virtuald\curvesapi\1.07\curvesapi-1.07.jar;C:\Users\Acma\.m2\repository\org\apache\commons\commons-collections4\4.4\commons-collections4-4.4.jar;C:\Users\Acma\.m2\repository\org\apache\xmlbeans\xmlbeans\5.1.1\xmlbeans-5.1.1.jar;C:\Users\Acma\.m2\repository\com\google\api-client\google-api-client\1.32.1\google-api-client-1.32.1.jar;C:\Users\Acma\.m2\repository\com\google\oauth-client\google-oauth-client\1.31.5\google-oauth-client-1.31.5.jar;C:\Users\Acma\.m2\repository\com\google\http-client\google-http-client-gson\1.39.2\google-http-client-gson-1.39.2.jar;C:\Users\Acma\.m2\repository\com\google\code\gson\gson\2.8.6\gson-2.8.6.jar;C:\Users\Acma\.m2\repository\com\google\guava\guava\30.1.1-android\guava-30.1.1-android.jar;C:\Users\Acma\.m2\repository\com\google\guava\failureaccess\1.0.1\failureaccess-1.0.1.jar;C:\Users\Acma\.m2\repository\com\google\guava\listenablefuture\9999.0-empty-to-avoid-conflict-with-guava\listenablefuture-9999.0-empty-to-avoid-conflict-with-guava.jar;C:\Users\Acma\.m2\repository\org\checkerframework\checker-compat-qual\2.5.5\checker-compat-qual-2.5.5.jar;C:\Users\Acma\.m2\repository\com\google\errorprone\error_prone_annotations\2.5.1\error_prone_annotations-2.5.1.jar;C:\Users\Acma\.m2\repository\com\google\j2objc\j2objc-annotations\1.3\j2objc-annotations-1.3.jar;C:\Users\Acma\.m2\repository\com\google\http-client\google-http-client-apache-v2\1.39.2\google-http-client-apache-v2-1.39.2.jar;C:\Users\Acma\.m2\repository\org\apache\httpcomponents\httpcore\4.4.14\httpcore-4.4.14.jar;C:\Users\Acma\.m2\repository\org\apache\httpcomponents\httpclient\4.5.13\httpclient-4.5.13.jar;C:\Users\Acma\.m2\repository\commons-logging\commons-logging\1.2\commons-logging-1.2.jar;C:\Users\Acma\.m2\repository\com\google\http-client\google-http-client\1.39.2\google-http-client-1.39.2.jar;C:\Users\Acma\.m2\repository\io\opencensus\opencensus-api\0.28.0\opencensus-api-0.28.0.jar;C:\Users\Acma\.m2\repository\io\grpc\grpc-context\1.27.2\grpc-context-1.27.2.jar;C:\Users\Acma\.m2\repository\io\opencensus\opencensus-contrib-http-util\0.28.0\opencensus-contrib-http-util-0.28.0.jar;C:\Users\Acma\.m2\repository\com\google\auth\google-auth-library-oauth2-http\1.1.0\google-auth-library-oauth2-http-1.1.0.jar;C:\Users\Acma\.m2\repository\com\google\auto\value\auto-value-annotations\1.8.2\auto-value-annotations-1.8.2.jar;C:\Users\Acma\.m2\repository\com\google\code\findbugs\jsr305\3.0.2\jsr305-3.0.2.jar;C:\Users\Acma\.m2\repository\com\google\auth\google-auth-library-credentials\1.1.0\google-auth-library-credentials-1.1.0.jar;C:\Users\Acma\.m2\repository\com\google\apis\google-api-services-forms\v1-rev20250218-2.0.0\google-api-services-forms-v1-rev20250218-2.0.0.jar;"/>
    <property name="sun.cpu.endian" value="little"/>
    <property name="user.home" value="C:\Users\Acma"/>
    <property name="user.language" value="es"/>
    <property name="java.specification.vendor" value="Oracle Corporation"/>
    <property name="java.version.date" value="2025-01-21"/>
    <property name="java.home" value="C:\Program Files\Java\jdk-21"/>
    <property name="file.separator" value="\"/>
    <property name="basedir" value="C:\Users\Acma\Desktop\QuizMaker\QuizMaker\app-quiz"/>
    <property name="java.vm.compressedOopsMode" value="Zero based"/>
    <property name="line.separator" value="&#10;"/>
    <property name="java.vm.specification.vendor" value="Oracle Corporation"/>
    <property name="java.specification.name" value="Java Platform API Specification"/>
    <property name="surefire.real.class.path" value="C:\Users\Acma\AppData\Local\Temp\surefire315587970577063313\surefirebooter363408291617087567.jar"/>
    <property name="user.script" value=""/>
    <property name="sun.management.compiler" value="HotSpot 64-Bit Tiered Compilers"/>
    <property name="java.runtime.version" value="21.0.6+8-LTS-188"/>
    <property name="user.name" value="Acma"/>
    <property name="stdout.encoding" value="Cp1252"/>
    <property name="path.separator" value=";"/>
    <property name="os.version" value="10.0"/>
    <property name="java.runtime.name" value="Java(TM) SE Runtime Environment"/>
    <property name="file.encoding" value="UTF-8"/>
    <property name="java.vm.name" value="Java HotSpot(TM) 64-Bit Server VM"/>
    <property name="localRepository" value="C:\Users\Acma\.m2\repository"/>
    <property name="java.vendor.url.bug" value="https://bugreport.java.com/bugreport/"/>
    <property name="java.io.tmpdir" value="C:\Users\Acma\AppData\Local\Temp\"/>
    <property name="java.version" value="21.0.6"/>
    <property name="user.dir" value="C:\Users\Acma\Desktop\QuizMaker\QuizMaker\app-quiz"/>
    <property name="os.arch" value="amd64"/>
    <property name="java.vm.specification.name" value="Java Virtual Machine Specification"/>
    <property name="sun.os.patch.level" value=""/>
    <property name="native.encoding" value="Cp1252"/>
    <property name="java.library.path" value="C:\Program Files\Java\jdk-21\bin;C:\Windows\Sun\Java\bin;C:\Windows\system32;C:\Windows;C:\Program Files\Common Files\Oracle\Java\javapath;C:\Windows\system32;C:\Windows;C:\Windows\System32\Wbem;C:\Windows\System32\WindowsPowerShell\v1.0\;C:\Windows\System32\OpenSSH\;C:\Program Files (x86)\Intel\Intel(R) Management Engine Components\DAL;C:\Program Files\Intel\Intel(R) Management Engine Components\DAL;C:\Program Files\dotnet\;C:\Program Files\Git\cmd;C:\Program Files\AutoFirma\AutoFirma;C:\Program Files\Java\jdk-21\bin;C:\Program Files\Apache\apache-maven-3.9.9-bin\apache-maven-3.9.9\bin;C:\ProgramData\chocolatey\bin;C:\Program Files\Apache\apache-maven-3.9.9-bin\apache-maven-3.9.9\bin;C:\Users\Acma\AppData\Local\Microsoft\WindowsApps;C:\Users\Acma\AppData\Local\Programs\Microsoft VS Code\bin;C:\Users\Acma\AppData\Local\Microsoft\WinGet\Links;;c:\Users\Acma\AppData\Roaming\Code\User\globalStorage\github.copilot-chat\debugCommand;."/>
    <property name="java.vm.info" value="mixed mode, sharing"/>
    <property name="stderr.encoding" value="Cp1252"/>
    <property name="java.vendor" value="Oracle Corporation"/>
    <property name="java.vm.version" value="21.0.6+8-LTS-188"/>
    <property name="sun.io.unicode.encoding" value="UnicodeLittle"/>
    <property name="java.class.version" value="65.0"/>
  </properties>
  <testcase name="shouldAnswerWithTrue" classname="com.example.quiz.AppTest" time="0"/>
</testsuite>